<?xml version="1.0" encoding="UTF-8"?>
<!-- Generated by org.testng.reporters.JUnitReportReporter -->
<testsuite hostname="ES-DESKTOP052" name="com.TheatreProject.Utility.DatePicker" tests="1" failures="0" timestamp="21 Mar 2018 04:12:17 GMT" time="0.548" errors="0">
  <testcase name="selectDate" time="0.548" classname="com.TheatreProject.Utility.DatePicker"/>
</testsuite> <!-- com.TheatreProject.Utility.DatePicker -->
